<testsuites id="" name="" tests="14" failures="4" skipped="0" errors="0" time="137.361849">
<testsuite name="createExcelFile.spec.ts" timestamp="2025-10-08T10:31:55.377Z" hostname="webkit" tests="1" failures="0" skipped="0" time="3.049" errors="0">
<testcase name="Create Excel File" classname="createExcelFile.spec.ts" time="3.049">
<system-out>
<![CDATA[Excel file created at: tableData.xlsx
┌─────────┬──────────────────────┬───────────┬──────────────┬────────┐
│ (index) │ BookName             │ Author    │ Subject      │ Price  │
├─────────┼──────────────────────┼───────────┼──────────────┼────────┤
│ 0       │ [32m'Learn Selenium'[39m     │ [32m'Amit'[39m    │ [32m'Selenium'[39m   │ [32m'300'[39m  │
│ 1       │ [32m'Learn Java'[39m         │ [32m'Mukesh'[39m  │ [32m'Java'[39m       │ [32m'500'[39m  │
│ 2       │ [32m'Learn JS'[39m           │ [32m'Animesh'[39m │ [32m'Javascript'[39m │ [32m'300'[39m  │
│ 3       │ [32m'Master In Selenium'[39m │ [32m'Mukesh'[39m  │ [32m'Selenium'[39m   │ [32m'3000'[39m │
│ 4       │ [32m'Master In Java'[39m     │ [32m'Amod'[39m    │ [32m'JAVA'[39m       │ [32m'2000'[39m │
│ 5       │ [32m'Master In JS'[39m       │ [32m'Amit'[39m    │ [32m'Javascript'[39m │ [32m'1000'[39m │
└─────────┴──────────────────────┴───────────┴──────────────┴────────┘
]]>
</system-out>
</testcase>
</testsuite>
<testsuite name="csvFile.spec.ts" timestamp="2025-10-08T10:31:55.377Z" hostname="webkit" tests="2" failures="0" skipped="0" time="1.364" errors="0">
<testcase name="Login test for 1" classname="csvFile.spec.ts" time="0.665">
<system-out>
<![CDATA[Running test for user: paarivel and password: Paari11
]]>
</system-out>
</testcase>
<testcase name="Login test for 2" classname="csvFile.spec.ts" time="0.699">
<system-out>
<![CDATA[Running test for user: rukumini and password: Ruku29
]]>
</system-out>
</testcase>
</testsuite>
<testsuite name="ExcelFileJSON.spec.ts" timestamp="2025-10-08T10:31:55.377Z" hostname="webkit" tests="1" failures="0" skipped="0" time="0.027" errors="0">
<testcase name="JSON to Excel" classname="ExcelFileJSON.spec.ts" time="0.027">
<system-out>
<![CDATA[[ { name: [32m'Harish'[39m, email: [32m'harish@gmail.com'[39m, phone: [32m'1234567809'[39m } ]
]]>
</system-out>
</testcase>
</testsuite>
<testsuite name="jsonFile.spec.ts" timestamp="2025-10-08T10:31:55.377Z" hostname="webkit" tests="2" failures="0" skipped="0" time="0.002" errors="0">
<testcase name="JSON File Test Data Lender Price Credentials " classname="jsonFile.spec.ts" time="0.001">
<system-out>
<![CDATA[Fecthing data from json file testsigma_internal and Welcome@1
]]>
</system-out>
</testcase>
<testcase name="JSON File Test Data Bluecopa Credentials " classname="jsonFile.spec.ts" time="0.001">
<system-out>
<![CDATA[Fecthing data from json file bluecopa_internal and Welcome@2025
]]>
</system-out>
</testcase>
</testsuite>
<testsuite name="lenderPrice.spec.ts" timestamp="2025-10-08T10:31:55.377Z" hostname="webkit" tests="1" failures="1" skipped="0" time="30.336" errors="0">
<testcase name="Navigate to Lender Price Website" classname="lenderPrice.spec.ts" time="30.336">
<failure message="lenderPrice.spec.ts:5:5 Navigate to Lender Price Website" type="FAILURE">
<![CDATA[  [webkit] › lenderPrice.spec.ts:5:5 › Navigate to Lender Price Website @lenderPrice ───────────────

    Test timeout of 30000ms exceeded.

    Error: locator.scrollIntoViewIfNeeded: Test timeout of 30000ms exceeded.
    Call log:
      - waiting for locator('//app-common-modal[@class="component-host-scrollable"]//div[@class="apply-grid"]/div/following-sibling::div[@class="border-bottom p-2 tr-value"]').nth(53)


       at ..\LenderPages\DashboardPage.ts:64

      62 |
      63 |                 for (let j = 0; j < totalLoanDetails; j++) {
    > 64 |                     await this.locators.loanDetails_ValueColumn.nth(j).scrollIntoViewIfNeeded();
         |                                                                        ^
      65 |                     let loanDetails = await this.locators.loanDetails_ValueColumn.nth(j).innerText();
      66 |                     if (loanDetails === '') loanDetails = 'Null Value';
      67 |                     // console.log(`Loan Details List ${j + 1} : ` + loanDetails);
        at DashboardPage.CommitmentsPriceOffered (C:\Users\leela\OneDrive\Desktop\PWCode\playwright\LenderPages\DashboardPage.ts:64:72)
        at C:\Users\leela\OneDrive\Desktop\PWCode\playwright\tests\lenderPrice.spec.ts:12:5

    attachment #1: screenshot (image/png) ──────────────────────────────────────────────────────────
    ..\test-results\lenderPrice-Navigate-to-Lender-Price-Website-webkit\test-failed-1.png
    ────────────────────────────────────────────────────────────────────────────────────────────────

    attachment #2: video (video/webm) ──────────────────────────────────────────────────────────────
    ..\test-results\lenderPrice-Navigate-to-Lender-Price-Website-webkit\video.webm
    ────────────────────────────────────────────────────────────────────────────────────────────────

    Error Context: ..\test-results\lenderPrice-Navigate-to-Lender-Price-Website-webkit\error-context.md
]]>
</failure>
<system-out>
<![CDATA[The Bid Request Id with Committed Status is : 57AQ73BCD5A6
The Bid Request Id in Price Offered Page is : 57AQ73BCD5A6
The Corresponding Loan Id is : Deepika_JULY_16_11

[[ATTACHMENT|test-results\lenderPrice-Navigate-to-Lender-Price-Website-webkit\test-failed-1.png]]

[[ATTACHMENT|test-results\lenderPrice-Navigate-to-Lender-Price-Website-webkit\video.webm]]

[[ATTACHMENT|test-results\lenderPrice-Navigate-to-Lender-Price-Website-webkit\error-context.md]]
]]>
</system-out>
</testcase>
</testsuite>
<testsuite name="playwrightPractice.spec.ts" timestamp="2025-10-08T10:31:55.377Z" hostname="webkit" tests="7" failures="3" skipped="0" time="88.024" errors="0">
<testcase name="Playwright built-in locators" classname="playwrightPractice.spec.ts" time="5.892">
<system-out>
<![CDATA[Tags with getByRoleLocators
]]>
</system-out>
</testcase>
<testcase name="Files uploading test" classname="playwrightPractice.spec.ts" time="2.672">
<failure message="playwrightPractice.spec.ts:46:5 Files uploading test" type="FAILURE">
<![CDATA[  [webkit] › playwrightPractice.spec.ts:46:5 › Files uploading test @FilesUploading ────────────────

    Error: page.goto: Target page, context or browser has been closed
    Call log:
      - navigating to "https://testautomationpractice.blogspot.com/p/playwrightpractice.html", waiting until "load"


       at ..\pages\GetByRoleLocators.ts:26

      24 |
      25 |   async gotoURL() {
    > 26 |     await this.page.goto(`${process.env.GOTO_URL}`);
         |                     ^
      27 |   }
      28 |
      29 |   // Web Elements from getByRole Locators
        at GetByRoleLocators.gotoURL (C:\Users\leela\OneDrive\Desktop\PWCode\playwright\pages\GetByRoleLocators.ts:26:21)
        at C:\Users\leela\OneDrive\Desktop\PWCode\playwright\tests\playwrightPractice.spec.ts:18:24

    attachment #1: video (video/webm) ──────────────────────────────────────────────────────────────
    ..\test-results\playwrightPractice-Files-uploading-test-webkit\video.webm
    ────────────────────────────────────────────────────────────────────────────────────────────────
]]>
</failure>
<system-out>
<![CDATA[
[[ATTACHMENT|test-results\playwrightPractice-Files-uploading-test-webkit\video.webm]]
]]>
</system-out>
</testcase>
<testcase name="Static Table" classname="playwrightPractice.spec.ts" time="3.69">
<system-out>
<![CDATA[┌─────────┬──────────────────────┬───────────┬──────────────┬────────┐
│ (index) │ BookName             │ Author    │ Subject      │ Price  │
├─────────┼──────────────────────┼───────────┼──────────────┼────────┤
│ 0       │ [32m'Learn Selenium'[39m     │ [32m'Amit'[39m    │ [32m'Selenium'[39m   │ [32m'300'[39m  │
│ 1       │ [32m'Learn Java'[39m         │ [32m'Mukesh'[39m  │ [32m'Java'[39m       │ [32m'500'[39m  │
│ 2       │ [32m'Learn JS'[39m           │ [32m'Animesh'[39m │ [32m'Javascript'[39m │ [32m'300'[39m  │
│ 3       │ [32m'Master In Selenium'[39m │ [32m'Mukesh'[39m  │ [32m'Selenium'[39m   │ [32m'3000'[39m │
│ 4       │ [32m'Master In Java'[39m     │ [32m'Amod'[39m    │ [32m'JAVA'[39m       │ [32m'2000'[39m │
│ 5       │ [32m'Master In JS'[39m       │ [32m'Amit'[39m    │ [32m'Javascript'[39m │ [32m'1000'[39m │
└─────────┴──────────────────────┴───────────┴──────────────┴────────┘
]]>
</system-out>
</testcase>
<testcase name="Dynamic Table" classname="playwrightPractice.spec.ts" time="4.722">
<system-out>
<![CDATA[Table Name: Dynamic Web Table
Table Headers :  [ [32m'Name'[39m, [32m'Memory (MB)'[39m, [32m'Network (Mbps)'[39m, [32m'Disk (MB/s)'[39m, [32m'CPU (%)'[39m ]
table data 4 :  0.30 MB/s
]]>
</system-out>
</testcase>
<testcase name="Pagination Web Table" classname="playwrightPractice.spec.ts" time="5.034">
<system-out>
<![CDATA[┌─────────┬─────┬────────────────────┬──────────┬────────┐
│ (index) │ ID  │ Name               │ Price    │ Select │
├─────────┼─────┼────────────────────┼──────────┼────────┤
│ 0       │ [32m'1'[39m │ [32m'Smartphone'[39m       │ [32m'$10.99'[39m │ [32m''[39m     │
│ 1       │ [32m'2'[39m │ [32m'Laptop'[39m           │ [32m'$19.99'[39m │ [32m''[39m     │
│ 2       │ [32m'3'[39m │ [32m'Tablet'[39m           │ [32m'$5.99'[39m  │ [32m''[39m     │
│ 3       │ [32m'4'[39m │ [32m'Smartwatch'[39m       │ [32m'$7.99'[39m  │ [32m''[39m     │
│ 4       │ [32m'5'[39m │ [32m'Wireless Earbuds'[39m │ [32m'$8.99'[39m  │ [32m''[39m     │
└─────────┴─────┴────────────────────┴──────────┴────────┘
┌─────────┬──────┬─────────────────────┬──────────┬────────┐
│ (index) │ ID   │ Name                │ Price    │ Select │
├─────────┼──────┼─────────────────────┼──────────┼────────┤
│ 0       │ [32m'6'[39m  │ [32m'Bluetooth Speaker'[39m │ [32m'$9.99'[39m  │ [32m''[39m     │
│ 1       │ [32m'7'[39m  │ [32m'Television'[39m        │ [32m'$20.99'[39m │ [32m''[39m     │
│ 2       │ [32m'8'[39m  │ [32m'Action Camera'[39m     │ [32m'$15.99'[39m │ [32m''[39m     │
│ 3       │ [32m'9'[39m  │ [32m'Gaming Console'[39m    │ [32m'$5.99'[39m  │ [32m''[39m     │
│ 4       │ [32m'10'[39m │ [32m'Digital Camera'[39m    │ [32m'$16.99'[39m │ [32m''[39m     │
└─────────┴──────┴─────────────────────┴──────────┴────────┘
┌─────────┬──────┬────────────────────┬──────────┬────────┐
│ (index) │ ID   │ Name               │ Price    │ Select │
├─────────┼──────┼────────────────────┼──────────┼────────┤
│ 0       │ [32m'11'[39m │ [32m'Smart Home Hub'[39m   │ [32m'$20.99'[39m │ [32m''[39m     │
│ 1       │ [32m'12'[39m │ [32m'Router'[39m           │ [32m'$24.99'[39m │ [32m''[39m     │
│ 2       │ [32m'13'[39m │ [32m'Portable Charger'[39m │ [32m'$30.99'[39m │ [32m''[39m     │
│ 3       │ [32m'14'[39m │ [32m'Fitness Tracker'[39m  │ [32m'$19.99'[39m │ [32m''[39m     │
│ 4       │ [32m'15'[39m │ [32m'Desktop Computer'[39m │ [32m'$2.99'[39m  │ [32m''[39m     │
└─────────┴──────┴────────────────────┴──────────┴────────┘
┌─────────┬──────┬─────────────────────┬──────────┬────────┐
│ (index) │ ID   │ Name                │ Price    │ Select │
├─────────┼──────┼─────────────────────┼──────────┼────────┤
│ 0       │ [32m'16'[39m │ [32m'E-Reader'[39m          │ [32m'$10.99'[39m │ [32m''[39m     │
│ 1       │ [32m'17'[39m │ [32m'VR Headset'[39m        │ [32m'$11.99'[39m │ [32m''[39m     │
│ 2       │ [32m'18'[39m │ [32m'Streaming Device'[39m  │ [32m'$13.99'[39m │ [32m''[39m     │
│ 3       │ [32m'19'[39m │ [32m'Soundbar'[39m          │ [32m'$16.99'[39m │ [32m''[39m     │
│ 4       │ [32m'20'[39m │ [32m'Wireless Mouse 20'[39m │ [32m'$17.99'[39m │ [32m''[39m     │
└─────────┴──────┴─────────────────────┴──────────┴────────┘
]]>
</system-out>
</testcase>
<testcase name="Form and ShadowDOM" classname="playwrightPractice.spec.ts" time="30.806">
<failure message="playwrightPractice.spec.ts:77:5 Form and ShadowDOM" type="FAILURE">
<![CDATA[  [webkit] › playwrightPractice.spec.ts:77:5 › Form and ShadowDOM ──────────────────────────────────

    Test timeout of 30000ms exceeded.

    Error: locator.fill: Test timeout of 30000ms exceeded.
    Call log:
      - waiting for locator('#footer-2-2').getByRole('textbox')


       at ..\pages\FormandShadowDOM.ts:124

      122 |     // input field 
      123 |     await expect(this.locators.textField).toBeEmpty();
    > 124 |     await this.locators.textField.fill("ShadowDOM section input field");
          |                                   ^
      125 |     await expect(this.locators.textField).not.toBeEmpty();
      126 |
      127 |     // checkbox field
        at FormandShadowDOM.verifyshadowDomSection (C:\Users\leela\OneDrive\Desktop\PWCode\playwright\pages\FormandShadowDOM.ts:124:35)
        at C:\Users\leela\OneDrive\Desktop\PWCode\playwright\tests\playwrightPractice.spec.ts:81:5

    attachment #1: screenshot (image/png) ──────────────────────────────────────────────────────────
    ..\test-results\playwrightPractice-Form-and-ShadowDOM-webkit\test-failed-1.png
    ────────────────────────────────────────────────────────────────────────────────────────────────

    attachment #2: video (video/webm) ──────────────────────────────────────────────────────────────
    ..\test-results\playwrightPractice-Form-and-ShadowDOM-webkit\video.webm
    ────────────────────────────────────────────────────────────────────────────────────────────────

    Error Context: ..\test-results\playwrightPractice-Form-and-ShadowDOM-webkit\error-context.md
]]>
</failure>
<system-out>
<![CDATA[
[[ATTACHMENT|test-results\playwrightPractice-Form-and-ShadowDOM-webkit\test-failed-1.png]]

[[ATTACHMENT|test-results\playwrightPractice-Form-and-ShadowDOM-webkit\video.webm]]

[[ATTACHMENT|test-results\playwrightPractice-Form-and-ShadowDOM-webkit\error-context.md]]
]]>
</system-out>
</testcase>
<testcase name="Tabs section test" classname="playwrightPractice.spec.ts" time="35.208">
<failure message="playwrightPractice.spec.ts:84:5 Tabs section test" type="FAILURE">
<![CDATA[  [webkit] › playwrightPractice.spec.ts:84:5 › Tabs section test ───────────────────────────────────

    Test timeout of 30000ms exceeded.

    Error: page.goBack: Test timeout of 30000ms exceeded.
    Call log:
      - waiting for navigation until "load"
        - navigated to "https://testautomationpractice.blogspot.com/p/playwrightpractice.html"


       at ..\pages\Tabs.ts:368

      366 |         // console.log("Automation : ", await this.page.title());
      367 |       }
    > 368 |       await this.page.goBack();
          |                       ^
      369 |       await this.page.waitForLoadState("domcontentloaded");
      370 |       // console.log("Laptop Original Page Title : ", await this.page.title());
      371 |     }
        at Tabs.labelsAndLinks (C:\Users\leela\OneDrive\Desktop\PWCode\playwright\pages\Tabs.ts:368:23)
        at C:\Users\leela\OneDrive\Desktop\PWCode\playwright\tests\playwrightPractice.spec.ts:96:5

    attachment #1: video (video/webm) ──────────────────────────────────────────────────────────────
    ..\test-results\playwrightPractice-Tabs-section-test-webkit\video-1.webm
    ────────────────────────────────────────────────────────────────────────────────────────────────

    attachment #2: video (video/webm) ──────────────────────────────────────────────────────────────
    ..\test-results\playwrightPractice-Tabs-section-test-webkit\video.webm
    ────────────────────────────────────────────────────────────────────────────────────────────────

    Error Context: ..\test-results\playwrightPractice-Tabs-section-test-webkit\error-context.md
]]>
</failure>
<system-out>
<![CDATA[alert
I am an alert box!
confirm
Press a button!
prompt
Please enter your name:
Harry Potter
Automation Testing Practice: PlaywrightPractice

[[ATTACHMENT|test-results\playwrightPractice-Tabs-section-test-webkit\video-1.webm]]

[[ATTACHMENT|test-results\playwrightPractice-Tabs-section-test-webkit\video.webm]]

[[ATTACHMENT|test-results\playwrightPractice-Tabs-section-test-webkit\error-context.md]]
]]>
</system-out>
</testcase>
</testsuite>
</testsuites>